<?xml version="1.0" encoding="UTF-8"?>
<TestRun id="21375df9-9ce2-48fa-bc2c-7ffd7527dfb5" name="Praveen@PRAVEEN-VAIO 2013-07-01 23:33:46" runUser="Praveen-VAIO\Praveen" xmlns="http://microsoft.com/schemas/VisualStudio/TeamTest/2010">
  <TestSettings name="Local" id="83509279-feac-4b7e-a2ac-4a086aefac4c">
    <Description>These are default test settings for a local test run.</Description>
    <Deployment enabled="false" runDeploymentRoot="Praveen_PRAVEEN-VAIO 2013-07-01 23_33_46">
      <DeploymentItem filename="F:\Development\Pluralsight_videos\Design Patterns\32_Rules Pattern\RulesDemo\Core\bin\Debug\Core.dll" />
    </Deployment>
    <Execution>
      <TestTypeSpecific />
      <AgentRule name="Execution Agents">
      </AgentRule>
    </Execution>
  </TestSettings>
  <Times creation="2013-07-01T23:33:46.7933569+05:30" queuing="2013-07-01T23:33:50.3177060+05:30" start="2013-07-01T23:33:50.7699776+05:30" finish="2013-07-01T23:34:32.0264858+05:30" />
  <ResultSummary outcome="Error">
    <Counters total="2" executed="2" passed="1" error="0" failed="0" timeout="0" aborted="1" inconclusive="0" passedButRunAborted="0" notRunnable="0" notExecuted="0" disconnected="0" warning="0" completed="0" inProgress="0" pending="0" />
    <RunInfos>
      <RunInfo computerName="PRAVEEN-VAIO" outcome="Error" timestamp="2013-07-01T23:34:32.0234877+05:30">
        <Text>Test host process exited unexpectedly.</Text>
      </RunInfo>
    </RunInfos>
  </ResultSummary>
  <TestDefinitions>
    <UnitTest name="Return5PercentSenior" storage="f:\development\pluralsight_videos\design patterns\32_rules pattern\rulesdemo\unittests\bin\debug\unittests.dll" id="8992ee32-3844-6cb3-c3b2-384cbb1be0f3">
      <Execution id="cb0590cb-d788-4b93-bb70-c1791f4a3678" />
      <TestMethod codeBase="F:/Development/Pluralsight_videos/Design Patterns/32_Rules Pattern/RulesDemo/UnitTests/bin/Debug/UnitTests.DLL" adapterTypeName="Microsoft.VisualStudio.TestTools.TestTypes.Unit.UnitTestAdapter, Microsoft.VisualStudio.QualityTools.Tips.UnitTest.Adapter, Version=10.0.0.0, Culture=neutral, PublicKeyToken=b03f5f7f11d50a3a" className="UnitTests.StoreExample.DiscountCalculatorTest, UnitTests, Version=1.0.0.0, Culture=neutral, PublicKeyToken=null" name="Return5PercentSenior" />
    </UnitTest>
    <UnitTest name="Return15PercentageForNewCustomer" storage="f:\development\pluralsight_videos\design patterns\32_rules pattern\rulesdemo\unittests\bin\debug\unittests.dll" id="2d7fed59-ad43-863d-5ed1-4532e934d973">
      <Execution id="ea728178-0c2e-4600-98ed-eab1ab271ddf" />
      <TestMethod codeBase="F:/Development/Pluralsight_videos/Design Patterns/32_Rules Pattern/RulesDemo/UnitTests/bin/Debug/UnitTests.DLL" adapterTypeName="Microsoft.VisualStudio.TestTools.TestTypes.Unit.UnitTestAdapter, Microsoft.VisualStudio.QualityTools.Tips.UnitTest.Adapter, Version=10.0.0.0, Culture=neutral, PublicKeyToken=b03f5f7f11d50a3a" className="UnitTests.StoreExample.DiscountCalculatorTest, UnitTests, Version=1.0.0.0, Culture=neutral, PublicKeyToken=null" name="Return15PercentageForNewCustomer" />
    </UnitTest>
  </TestDefinitions>
  <TestLists>
    <TestList name="Results Not in a List" id="8c84fa94-04c1-424b-9868-57a2d4851a1d" />
    <TestList name="All Loaded Results" id="19431567-8539-422a-85d7-44ee4e166bda" />
  </TestLists>
  <TestEntries>
    <TestEntry testId="2d7fed59-ad43-863d-5ed1-4532e934d973" executionId="ea728178-0c2e-4600-98ed-eab1ab271ddf" testListId="8c84fa94-04c1-424b-9868-57a2d4851a1d" />
    <TestEntry testId="8992ee32-3844-6cb3-c3b2-384cbb1be0f3" executionId="cb0590cb-d788-4b93-bb70-c1791f4a3678" testListId="8c84fa94-04c1-424b-9868-57a2d4851a1d" />
  </TestEntries>
  <Results>
    <UnitTestResult executionId="ea728178-0c2e-4600-98ed-eab1ab271ddf" testId="2d7fed59-ad43-863d-5ed1-4532e934d973" testName="Return15PercentageForNewCustomer" computerName="PRAVEEN-VAIO" duration="00:00:00.1059418" startTime="2013-07-01T23:33:51.1652405+05:30" endTime="2013-07-01T23:33:54.3413579+05:30" testType="13cdc9d9-ddb5-4fa4-a97d-d965ccfc6d4b" outcome="Passed" testListId="8c84fa94-04c1-424b-9868-57a2d4851a1d" relativeResultsDirectory="ea728178-0c2e-4600-98ed-eab1ab271ddf">
    </UnitTestResult>
    <UnitTestResult executionId="cb0590cb-d788-4b93-bb70-c1791f4a3678" testId="8992ee32-3844-6cb3-c3b2-384cbb1be0f3" testName="Return5PercentSenior" computerName="PRAVEEN-VAIO" duration="00:00:37.5780563" startTime="2013-07-01T23:33:54.4484295+05:30" endTime="2013-07-01T23:34:32.0264858+05:30" testType="13cdc9d9-ddb5-4fa4-a97d-d965ccfc6d4b" outcome="Aborted" testListId="8c84fa94-04c1-424b-9868-57a2d4851a1d" relativeResultsDirectory="cb0590cb-d788-4b93-bb70-c1791f4a3678">
    </UnitTestResult>
  </Results>
</TestRun>