<?xml version="1.0" encoding="UTF-8"?>
<TestRun id="d0989b5f-3f40-4a69-a7e9-4953ae5d7d4c" name="Praveen@PRAVEEN-VAIO 2013-07-01 23:21:38" runUser="Praveen-VAIO\Praveen" xmlns="http://microsoft.com/schemas/VisualStudio/TeamTest/2010">
  <TestSettings name="Local" id="83509279-feac-4b7e-a2ac-4a086aefac4c">
    <Description>These are default test settings for a local test run.</Description>
    <Deployment enabled="false" runDeploymentRoot="Praveen_PRAVEEN-VAIO 2013-07-01 23_21_38">
      <DeploymentItem filename="F:\Development\Pluralsight_videos\Design Patterns\32_Rules Pattern\RulesDemo\Core\bin\Debug\Core.dll" />
    </Deployment>
    <Execution>
      <TestTypeSpecific />
      <AgentRule name="Execution Agents">
      </AgentRule>
    </Execution>
  </TestSettings>
  <Times creation="2013-07-01T23:21:38.4763615+05:30" queuing="2013-07-01T23:21:38.5624156+05:30" start="2013-07-01T23:21:38.5734240+05:30" finish="2013-07-01T23:21:39.2538764+05:30" />
  <ResultSummary outcome="Failed">
    <Counters total="1" executed="1" error="0" failed="1" timeout="0" aborted="0" inconclusive="0" passedButRunAborted="0" notRunnable="0" notExecuted="0" disconnected="0" warning="0" passed="0" completed="0" inProgress="0" pending="0" />
  </ResultSummary>
  <TestDefinitions>
    <UnitTest name="Return15PercentageForNewCustomer" storage="f:\development\pluralsight_videos\design patterns\32_rules pattern\rulesdemo\unittests\bin\debug\unittests.dll" id="2d7fed59-ad43-863d-5ed1-4532e934d973">
      <Execution id="87d64cd7-717e-4a2e-8a23-38b520ce5cd6" />
      <TestMethod codeBase="F:/Development/Pluralsight_videos/Design Patterns/32_Rules Pattern/RulesDemo/UnitTests/bin/Debug/UnitTests.DLL" adapterTypeName="Microsoft.VisualStudio.TestTools.TestTypes.Unit.UnitTestAdapter, Microsoft.VisualStudio.QualityTools.Tips.UnitTest.Adapter, Version=10.0.0.0, Culture=neutral, PublicKeyToken=b03f5f7f11d50a3a" className="UnitTests.StoreExample.DiscountCalculatorTest, UnitTests, Version=1.0.0.0, Culture=neutral, PublicKeyToken=null" name="Return15PercentageForNewCustomer" />
    </UnitTest>
  </TestDefinitions>
  <TestLists>
    <TestList name="Results Not in a List" id="8c84fa94-04c1-424b-9868-57a2d4851a1d" />
    <TestList name="All Loaded Results" id="19431567-8539-422a-85d7-44ee4e166bda" />
  </TestLists>
  <TestEntries>
    <TestEntry testId="2d7fed59-ad43-863d-5ed1-4532e934d973" executionId="87d64cd7-717e-4a2e-8a23-38b520ce5cd6" testListId="8c84fa94-04c1-424b-9868-57a2d4851a1d" />
  </TestEntries>
  <Results>
    <UnitTestResult executionId="87d64cd7-717e-4a2e-8a23-38b520ce5cd6" testId="2d7fed59-ad43-863d-5ed1-4532e934d973" testName="Return15PercentageForNewCustomer" computerName="PRAVEEN-VAIO" duration="00:00:00.0742653" startTime="2013-07-01T23:21:38.5804272+05:30" endTime="2013-07-01T23:21:39.2178528+05:30" testType="13cdc9d9-ddb5-4fa4-a97d-d965ccfc6d4b" outcome="Failed" testListId="8c84fa94-04c1-424b-9868-57a2d4851a1d" relativeResultsDirectory="87d64cd7-717e-4a2e-8a23-38b520ce5cd6">
      <Output>
        <ErrorInfo>
          <Message>Assert.AreEqual failed. Expected:&lt;0.15 (System.Double)&gt;. Actual:&lt;0.15 (System.Decimal)&gt;. </Message>
          <StackTrace>   at UnitTests.StoreExample.DiscountCalculatorTest.Return15PercentageForNewCustomer() in F:\Development\Pluralsight_videos\Design Patterns\32_Rules Pattern\RulesDemo\UnitTests\StoreExample\DiscountCalculatorTest.cs:line 75
</StackTrace>
        </ErrorInfo>
      </Output>
    </UnitTestResult>
  </Results>
</TestRun>