<?xml version="1.0" encoding="UTF-8"?>
<TestRun id="29adf8a7-616b-4291-b1f3-26b8391fa74a" name="Praveen@PRAVEEN-VAIO 2013-07-01 23:32:28" runUser="Praveen-VAIO\Praveen" xmlns="http://microsoft.com/schemas/VisualStudio/TeamTest/2010">
  <TestSettings name="Local" id="83509279-feac-4b7e-a2ac-4a086aefac4c">
    <Description>These are default test settings for a local test run.</Description>
    <Deployment enabled="false" runDeploymentRoot="Praveen_PRAVEEN-VAIO 2013-07-01 23_32_28">
      <DeploymentItem filename="F:\Development\Pluralsight_videos\Design Patterns\32_Rules Pattern\RulesDemo\Core\bin\Debug\Core.dll" />
    </Deployment>
    <Execution>
      <TestTypeSpecific />
      <AgentRule name="Execution Agents">
      </AgentRule>
    </Execution>
  </TestSettings>
  <Times creation="2013-07-01T23:32:28.3750801+05:30" queuing="2013-07-01T23:32:31.5371824+05:30" start="2013-07-01T23:32:31.7563287+05:30" finish="2013-07-01T23:32:59.1424495+05:30" />
  <ResultSummary outcome="Error">
    <Counters total="2" executed="2" passed="1" error="0" failed="0" timeout="0" aborted="1" inconclusive="0" passedButRunAborted="0" notRunnable="0" notExecuted="0" disconnected="0" warning="0" completed="0" inProgress="0" pending="0" />
    <RunInfos>
      <RunInfo computerName="PRAVEEN-VAIO" outcome="Error" timestamp="2013-07-01T23:32:59.1384464+05:30">
        <Text>Test host process exited unexpectedly.</Text>
      </RunInfo>
    </RunInfos>
  </ResultSummary>
  <TestDefinitions>
    <UnitTest name="Return5PercentSenior" storage="f:\development\pluralsight_videos\design patterns\32_rules pattern\rulesdemo\unittests\bin\debug\unittests.dll" id="8992ee32-3844-6cb3-c3b2-384cbb1be0f3">
      <Execution id="cb790b59-b63a-4fff-b428-1f69ce2cb617" />
      <TestMethod codeBase="F:/Development/Pluralsight_videos/Design Patterns/32_Rules Pattern/RulesDemo/UnitTests/bin/Debug/UnitTests.DLL" adapterTypeName="Microsoft.VisualStudio.TestTools.TestTypes.Unit.UnitTestAdapter, Microsoft.VisualStudio.QualityTools.Tips.UnitTest.Adapter, Version=10.0.0.0, Culture=neutral, PublicKeyToken=b03f5f7f11d50a3a" className="UnitTests.StoreExample.DiscountCalculatorTest, UnitTests, Version=1.0.0.0, Culture=neutral, PublicKeyToken=null" name="Return5PercentSenior" />
    </UnitTest>
    <UnitTest name="Return15PercentageForNewCustomer" storage="f:\development\pluralsight_videos\design patterns\32_rules pattern\rulesdemo\unittests\bin\debug\unittests.dll" id="2d7fed59-ad43-863d-5ed1-4532e934d973">
      <Execution id="0be3a1bd-8135-4e10-a548-0594bd220308" />
      <TestMethod codeBase="F:/Development/Pluralsight_videos/Design Patterns/32_Rules Pattern/RulesDemo/UnitTests/bin/Debug/UnitTests.DLL" adapterTypeName="Microsoft.VisualStudio.TestTools.TestTypes.Unit.UnitTestAdapter, Microsoft.VisualStudio.QualityTools.Tips.UnitTest.Adapter, Version=10.0.0.0, Culture=neutral, PublicKeyToken=b03f5f7f11d50a3a" className="UnitTests.StoreExample.DiscountCalculatorTest, UnitTests, Version=1.0.0.0, Culture=neutral, PublicKeyToken=null" name="Return15PercentageForNewCustomer" />
    </UnitTest>
  </TestDefinitions>
  <TestLists>
    <TestList name="Results Not in a List" id="8c84fa94-04c1-424b-9868-57a2d4851a1d" />
    <TestList name="All Loaded Results" id="19431567-8539-422a-85d7-44ee4e166bda" />
  </TestLists>
  <TestEntries>
    <TestEntry testId="2d7fed59-ad43-863d-5ed1-4532e934d973" executionId="0be3a1bd-8135-4e10-a548-0594bd220308" testListId="8c84fa94-04c1-424b-9868-57a2d4851a1d" />
    <TestEntry testId="8992ee32-3844-6cb3-c3b2-384cbb1be0f3" executionId="cb790b59-b63a-4fff-b428-1f69ce2cb617" testListId="8c84fa94-04c1-424b-9868-57a2d4851a1d" />
  </TestEntries>
  <Results>
    <UnitTestResult executionId="0be3a1bd-8135-4e10-a548-0594bd220308" testId="2d7fed59-ad43-863d-5ed1-4532e934d973" testName="Return15PercentageForNewCustomer" computerName="PRAVEEN-VAIO" duration="00:00:00.0509816" startTime="2013-07-01T23:32:31.9864821+05:30" endTime="2013-07-01T23:32:33.3403841+05:30" testType="13cdc9d9-ddb5-4fa4-a97d-d965ccfc6d4b" outcome="Passed" testListId="8c84fa94-04c1-424b-9868-57a2d4851a1d" relativeResultsDirectory="0be3a1bd-8135-4e10-a548-0594bd220308">
    </UnitTestResult>
    <UnitTestResult executionId="cb790b59-b63a-4fff-b428-1f69ce2cb617" testId="8992ee32-3844-6cb3-c3b2-384cbb1be0f3" testName="Return5PercentSenior" computerName="PRAVEEN-VAIO" duration="00:00:25.7820516" startTime="2013-07-01T23:32:33.3593974+05:30" endTime="2013-07-01T23:32:59.1414490+05:30" testType="13cdc9d9-ddb5-4fa4-a97d-d965ccfc6d4b" outcome="Aborted" testListId="8c84fa94-04c1-424b-9868-57a2d4851a1d" relativeResultsDirectory="cb790b59-b63a-4fff-b428-1f69ce2cb617">
    </UnitTestResult>
  </Results>
</TestRun>